

Started GET "/" for 127.0.0.1 at 2013-03-23 16:19:48 -0400
Connecting to database specified by database.yml


Started GET "/projects" for 127.0.0.1 at 2013-03-23 16:19:50 -0400
Processing by ProjectsController#index as HTML
  Rendered projects/index.html.haml within layouts/application (1.2ms)
Compiled projects.css  (47ms)  (pid 12058)
Compiled application.css  (57ms)  (pid 12058)
Compiled jquery.js  (4ms)  (pid 12058)
Compiled jquery_ujs.js  (1ms)  (pid 12058)
Compiled projects.js  (925ms)  (pid 12058)
Compiled application.js  (1032ms)  (pid 12058)
Completed 200 OK in 1383ms (Views: 1381.5ms | ActiveRecord: 0.0ms)


Started GET "/assets/projects.css?body=1" for 127.0.0.1 at 2013-03-23 16:19:51 -0400
Served asset /projects.css - 200 OK (16ms)


Started GET "/assets/projects.js?body=1" for 127.0.0.1 at 2013-03-23 16:19:51 -0400
Served asset /projects.js - 200 OK (2ms)


Started GET "/assets/jquery.js?body=1" for 127.0.0.1 at 2013-03-23 16:19:51 -0400
Served asset /jquery.js - 200 OK (23ms)


Started GET "/assets/application.js?body=1" for 127.0.0.1 at 2013-03-23 16:19:51 -0400
Served asset /application.js - 304 Not Modified (35ms)


Started GET "/assets/jquery_ujs.js?body=1" for 127.0.0.1 at 2013-03-23 16:19:51 -0400
Served asset /jquery_ujs.js - 200 OK (2ms)


Started GET "/assets/application.css?body=1" for 127.0.0.1 at 2013-03-23 16:19:52 -0400
Served asset /application.css - 200 OK (11ms)


Started GET "/projects" for 127.0.0.1 at 2013-03-26 20:33:09 -0400
Connecting to database specified by database.yml
Processing by ProjectsController#index as HTML
Completed 500 Internal Server Error in 155ms

ActiveRecord::StatementInvalid (Could not find table 'projects'):
  app/controllers/projects_controller.rb:4:in `index'


  Rendered /home/cosc480/.rvm/gems/ruby-1.9.3-p327/gems/actionpack-3.2.11/lib/action_dispatch/middleware/templates/rescues/_trace.erb (0.8ms)
  Rendered /home/cosc480/.rvm/gems/ruby-1.9.3-p327/gems/actionpack-3.2.11/lib/action_dispatch/middleware/templates/rescues/_request_and_response.erb (0.8ms)
  Rendered /home/cosc480/.rvm/gems/ruby-1.9.3-p327/gems/actionpack-3.2.11/lib/action_dispatch/middleware/templates/rescues/diagnostics.erb within rescues/layout (20.7ms)
Connecting to database specified by database.yml
  [1m[36m (0.2ms)[0m  [1mselect sqlite_version(*)[0m
  [1m[35m (50.2ms)[0m  CREATE TABLE "schema_migrations" ("version" varchar(255) NOT NULL) 
  [1m[36m (57.9ms)[0m  [1mCREATE UNIQUE INDEX "unique_schema_migrations" ON "schema_migrations" ("version")[0m
  [1m[35m (44.9ms)[0m  SELECT "schema_migrations"."version" FROM "schema_migrations" 
Migrating to CreateProjects (20130323183206)
  [1m[36m (0.2ms)[0m  [1mbegin transaction[0m
  [1m[35m (0.0ms)[0m  CREATE TABLE "projects" ("id" INTEGER PRIMARY KEY AUTOINCREMENT NOT NULL, "title" varchar(255), "description" text, "created_at" datetime NOT NULL, "updated_at" datetime NOT NULL) 
  [1m[36m (0.0ms)[0m  [1mINSERT INTO "schema_migrations" ("version") VALUES ('20130323183206')[0m
  [1m[35m (10.0ms)[0m  commit transaction
  [1m[36m (0.1ms)[0m  [1mSELECT "schema_migrations"."version" FROM "schema_migrations" [0m
Connecting to database specified by database.yml
  [1m[36m (2.2ms)[0m  [1mSELECT "schema_migrations"."version" FROM "schema_migrations" [0m
  [1m[35m (0.1ms)[0m  begin transaction
  [1m[36mSQL (67.8ms)[0m  [1mINSERT INTO "projects" ("created_at", "description", "title", "updated_at") VALUES (?, ?, ?, ?)[0m  [["created_at", Wed, 27 Mar 2013 00:34:10 UTC +00:00], ["description", "Test project1"], ["title", "Project1"], ["updated_at", Wed, 27 Mar 2013 00:34:10 UTC +00:00]]
  [1m[35m (67.6ms)[0m  commit transaction
  [1m[36m (0.1ms)[0m  [1mbegin transaction[0m
  [1m[35mSQL (0.4ms)[0m  INSERT INTO "projects" ("created_at", "description", "title", "updated_at") VALUES (?, ?, ?, ?)  [["created_at", Wed, 27 Mar 2013 00:34:10 UTC +00:00], ["description", "Test project2"], ["title", "Project2"], ["updated_at", Wed, 27 Mar 2013 00:34:10 UTC +00:00]]
  [1m[36m (11.2ms)[0m  [1mcommit transaction[0m
  [1m[35m (0.1ms)[0m  begin transaction
  [1m[36mSQL (0.3ms)[0m  [1mINSERT INTO "projects" ("created_at", "description", "title", "updated_at") VALUES (?, ?, ?, ?)[0m  [["created_at", Wed, 27 Mar 2013 00:34:10 UTC +00:00], ["description", "Test project3"], ["title", "Project3"], ["updated_at", Wed, 27 Mar 2013 00:34:10 UTC +00:00]]
  [1m[35m (12.2ms)[0m  commit transaction


Started GET "/projects" for 127.0.0.1 at 2013-03-26 20:34:14 -0400
Processing by ProjectsController#index as HTML
  [1m[36mProject Load (0.1ms)[0m  [1mSELECT "projects".* FROM "projects" [0m
  Rendered projects/index.html.haml within layouts/application (9.2ms)
Completed 200 OK in 59ms (Views: 42.8ms | ActiveRecord: 5.3ms)


Started GET "/assets/application.css?body=1" for 127.0.0.1 at 2013-03-26 20:34:14 -0400
Served asset /application.css - 304 Not Modified (7ms)


Started GET "/assets/projects.css?body=1" for 127.0.0.1 at 2013-03-26 20:34:14 -0400
Served asset /projects.css - 304 Not Modified (12ms)


Started GET "/assets/jquery.js?body=1" for 127.0.0.1 at 2013-03-26 20:34:14 -0400
Served asset /jquery.js - 200 OK (47ms)


Started GET "/assets/jquery_ujs.js?body=1" for 127.0.0.1 at 2013-03-26 20:34:14 -0400
Served asset /jquery_ujs.js - 304 Not Modified (8ms)


Started GET "/assets/projects.js?body=1" for 127.0.0.1 at 2013-03-26 20:34:14 -0400
Served asset /projects.js - 304 Not Modified (2ms)


Started GET "/assets/application.js?body=1" for 127.0.0.1 at 2013-03-26 20:34:14 -0400
Served asset /application.js - 304 Not Modified (16ms)


Started GET "/projects/1" for 127.0.0.1 at 2013-03-26 20:34:28 -0400
Processing by ProjectsController#show as HTML
  Parameters: {"id"=>"1"}
  [1m[35mProject Load (0.5ms)[0m  SELECT "projects".* FROM "projects" WHERE "projects"."id" = ? LIMIT 1  [["id", "1"]]
  Rendered projects/show.html.haml within layouts/application (4.3ms)
Completed 200 OK in 15ms (Views: 12.3ms | ActiveRecord: 0.5ms)


Started GET "/assets/application.css?body=1" for 127.0.0.1 at 2013-03-26 20:34:28 -0400
Served asset /application.css - 304 Not Modified (0ms)


Started GET "/assets/projects.css?body=1" for 127.0.0.1 at 2013-03-26 20:34:28 -0400
Served asset /projects.css - 304 Not Modified (0ms)


Started GET "/assets/jquery_ujs.js?body=1" for 127.0.0.1 at 2013-03-26 20:34:28 -0400
Served asset /jquery_ujs.js - 304 Not Modified (0ms)


Started GET "/assets/projects.js?body=1" for 127.0.0.1 at 2013-03-26 20:34:28 -0400
Served asset /projects.js - 304 Not Modified (4ms)


Started GET "/assets/application.js?body=1" for 127.0.0.1 at 2013-03-26 20:34:28 -0400
Served asset /application.js - 304 Not Modified (1ms)


Started GET "/projects/1/edit" for 127.0.0.1 at 2013-03-26 20:34:31 -0400

AbstractController::ActionNotFound (The action 'edit' could not be found for ProjectsController):
  actionpack (3.2.11) lib/abstract_controller/base.rb:116:in `process'
  actionpack (3.2.11) lib/abstract_controller/rendering.rb:45:in `process'
  actionpack (3.2.11) lib/action_controller/metal.rb:203:in `dispatch'
  actionpack (3.2.11) lib/action_controller/metal/rack_delegation.rb:14:in `dispatch'
  actionpack (3.2.11) lib/action_controller/metal.rb:246:in `block in action'
  actionpack (3.2.11) lib/action_dispatch/routing/route_set.rb:73:in `call'
  actionpack (3.2.11) lib/action_dispatch/routing/route_set.rb:73:in `dispatch'
  actionpack (3.2.11) lib/action_dispatch/routing/route_set.rb:36:in `call'
  journey (1.0.4) lib/journey/router.rb:68:in `block in call'
  journey (1.0.4) lib/journey/router.rb:56:in `each'
  journey (1.0.4) lib/journey/router.rb:56:in `call'
  actionpack (3.2.11) lib/action_dispatch/routing/route_set.rb:601:in `call'
  actionpack (3.2.11) lib/action_dispatch/middleware/best_standards_support.rb:17:in `call'
  rack (1.4.5) lib/rack/etag.rb:23:in `call'
  rack (1.4.5) lib/rack/conditionalget.rb:25:in `call'
  actionpack (3.2.11) lib/action_dispatch/middleware/head.rb:14:in `call'
  actionpack (3.2.11) lib/action_dispatch/middleware/params_parser.rb:21:in `call'
  actionpack (3.2.11) lib/action_dispatch/middleware/flash.rb:242:in `call'
  rack (1.4.5) lib/rack/session/abstract/id.rb:210:in `context'
  rack (1.4.5) lib/rack/session/abstract/id.rb:205:in `call'
  actionpack (3.2.11) lib/action_dispatch/middleware/cookies.rb:341:in `call'
  activerecord (3.2.11) lib/active_record/query_cache.rb:64:in `call'
  activerecord (3.2.11) lib/active_record/connection_adapters/abstract/connection_pool.rb:479:in `call'
  actionpack (3.2.11) lib/action_dispatch/middleware/callbacks.rb:28:in `block in call'
  activesupport (3.2.11) lib/active_support/callbacks.rb:405:in `_run__370562560__call__572241941__callbacks'
  activesupport (3.2.11) lib/active_support/callbacks.rb:405:in `__run_callback'
  activesupport (3.2.11) lib/active_support/callbacks.rb:385:in `_run_call_callbacks'
  activesupport (3.2.11) lib/active_support/callbacks.rb:81:in `run_callbacks'
  actionpack (3.2.11) lib/action_dispatch/middleware/callbacks.rb:27:in `call'
  actionpack (3.2.11) lib/action_dispatch/middleware/reloader.rb:65:in `call'
  actionpack (3.2.11) lib/action_dispatch/middleware/remote_ip.rb:31:in `call'
  actionpack (3.2.11) lib/action_dispatch/middleware/debug_exceptions.rb:16:in `call'
  actionpack (3.2.11) lib/action_dispatch/middleware/show_exceptions.rb:56:in `call'
  railties (3.2.11) lib/rails/rack/logger.rb:32:in `call_app'
  railties (3.2.11) lib/rails/rack/logger.rb:16:in `block in call'
  activesupport (3.2.11) lib/active_support/tagged_logging.rb:22:in `tagged'
  railties (3.2.11) lib/rails/rack/logger.rb:16:in `call'
  actionpack (3.2.11) lib/action_dispatch/middleware/request_id.rb:22:in `call'
  rack (1.4.5) lib/rack/methodoverride.rb:21:in `call'
  rack (1.4.5) lib/rack/runtime.rb:17:in `call'
  activesupport (3.2.11) lib/active_support/cache/strategy/local_cache.rb:72:in `call'
  rack (1.4.5) lib/rack/lock.rb:15:in `call'
  actionpack (3.2.11) lib/action_dispatch/middleware/static.rb:62:in `call'
  railties (3.2.11) lib/rails/engine.rb:479:in `call'
  railties (3.2.11) lib/rails/application.rb:223:in `call'
  rack (1.4.5) lib/rack/content_length.rb:14:in `call'
  railties (3.2.11) lib/rails/rack/log_tailer.rb:17:in `call'
  rack (1.4.5) lib/rack/handler/webrick.rb:59:in `service'
  /home/cosc480/.rvm/rubies/ruby-1.9.3-p327/lib/ruby/1.9.1/webrick/httpserver.rb:138:in `service'
  /home/cosc480/.rvm/rubies/ruby-1.9.3-p327/lib/ruby/1.9.1/webrick/httpserver.rb:94:in `run'
  /home/cosc480/.rvm/rubies/ruby-1.9.3-p327/lib/ruby/1.9.1/webrick/server.rb:191:in `block in start_thread'


  Rendered /home/cosc480/.rvm/gems/ruby-1.9.3-p327/gems/actionpack-3.2.11/lib/action_dispatch/middleware/templates/rescues/unknown_action.erb within rescues/layout (4.9ms)


Started DELETE "/projects/1" for 127.0.0.1 at 2013-03-26 20:34:36 -0400
Processing by ProjectsController#destroy as HTML
  Parameters: {"authenticity_token"=>"sPtRlnC/yv2Bk3KrzEjIPJgC3E1U+Y6Ei4IpThW+5EI=", "id"=>"1"}
  [1m[36mProject Load (0.2ms)[0m  [1mSELECT "projects".* FROM "projects" WHERE "projects"."id" = ? LIMIT 1[0m  [["id", "1"]]
  [1m[35m (9.7ms)[0m  begin transaction
  [1m[36mSQL (117.6ms)[0m  [1mDELETE FROM "projects" WHERE "projects"."id" = ?[0m  [["id", 1]]
  [1m[35m (57.8ms)[0m  commit transaction
Redirected to http://localhost:3000/projects
Completed 302 Found in 213ms (ActiveRecord: 185.3ms)


Started GET "/projects" for 127.0.0.1 at 2013-03-26 20:34:36 -0400
Processing by ProjectsController#index as HTML
  [1m[36mProject Load (0.9ms)[0m  [1mSELECT "projects".* FROM "projects" [0m
  Rendered projects/index.html.haml within layouts/application (6.7ms)
Completed 200 OK in 17ms (Views: 15.3ms | ActiveRecord: 0.9ms)


Started GET "/assets/application.css?body=1" for 127.0.0.1 at 2013-03-26 20:34:36 -0400
Served asset /application.css - 304 Not Modified (6ms)


Started GET "/assets/projects.css?body=1" for 127.0.0.1 at 2013-03-26 20:34:36 -0400
Served asset /projects.css - 304 Not Modified (0ms)


Started GET "/assets/jquery_ujs.js?body=1" for 127.0.0.1 at 2013-03-26 20:34:36 -0400
Served asset /jquery_ujs.js - 304 Not Modified (0ms)


Started GET "/assets/projects.js?body=1" for 127.0.0.1 at 2013-03-26 20:34:36 -0400
Served asset /projects.js - 304 Not Modified (0ms)


Started GET "/assets/application.js?body=1" for 127.0.0.1 at 2013-03-26 20:34:36 -0400
Served asset /application.js - 304 Not Modified (2ms)


Started GET "/projects/new" for 127.0.0.1 at 2013-03-26 20:34:40 -0400
Processing by ProjectsController#new as HTML
  Rendered projects/new.html.haml within layouts/application (13.8ms)
Completed 200 OK in 22ms (Views: 21.6ms | ActiveRecord: 0.0ms)


Started GET "/assets/application.css?body=1" for 127.0.0.1 at 2013-03-26 20:34:40 -0400
Served asset /application.css - 304 Not Modified (3ms)


Started GET "/assets/projects.css?body=1" for 127.0.0.1 at 2013-03-26 20:34:40 -0400
Served asset /projects.css - 304 Not Modified (0ms)


Started GET "/assets/jquery_ujs.js?body=1" for 127.0.0.1 at 2013-03-26 20:34:40 -0400
Served asset /jquery_ujs.js - 304 Not Modified (0ms)


Started GET "/assets/projects.js?body=1" for 127.0.0.1 at 2013-03-26 20:34:40 -0400
Served asset /projects.js - 304 Not Modified (6ms)


Started GET "/assets/application.js?body=1" for 127.0.0.1 at 2013-03-26 20:34:40 -0400
Served asset /application.js - 304 Not Modified (1ms)


Started POST "/projects" for 127.0.0.1 at 2013-03-26 20:34:46 -0400
Processing by ProjectsController#create as HTML
  Parameters: {"utf8"=>"✓", "authenticity_token"=>"sPtRlnC/yv2Bk3KrzEjIPJgC3E1U+Y6Ei4IpThW+5EI=", "project"=>{"title"=>"what???", "description"=>"fuck you"}, "commit"=>"Save Changes"}
  [1m[35m (0.2ms)[0m  begin transaction
  [1m[36mSQL (7.5ms)[0m  [1mINSERT INTO "projects" ("created_at", "description", "title", "updated_at") VALUES (?, ?, ?, ?)[0m  [["created_at", Wed, 27 Mar 2013 00:34:46 UTC +00:00], ["description", "fuck you"], ["title", "what???"], ["updated_at", Wed, 27 Mar 2013 00:34:46 UTC +00:00]]
  [1m[35m (1191.7ms)[0m  commit transaction
Redirected to http://localhost:3000/projects
Completed 302 Found in 1227ms (ActiveRecord: 1199.4ms)


Started GET "/projects" for 127.0.0.1 at 2013-03-26 20:34:47 -0400
Processing by ProjectsController#index as HTML
  [1m[36mProject Load (0.9ms)[0m  [1mSELECT "projects".* FROM "projects" [0m
  Rendered projects/index.html.haml within layouts/application (5.4ms)
Completed 200 OK in 27ms (Views: 24.4ms | ActiveRecord: 0.9ms)


Started GET "/assets/application.css?body=1" for 127.0.0.1 at 2013-03-26 20:34:48 -0400
Served asset /application.css - 304 Not Modified (0ms)


Started GET "/assets/application.js?body=1" for 127.0.0.1 at 2013-03-26 20:34:48 -0400
Served asset /application.js - 304 Not Modified (2ms)


Started GET "/assets/projects.js?body=1" for 127.0.0.1 at 2013-03-26 20:34:48 -0400
Served asset /projects.js - 304 Not Modified (0ms)


Started GET "/assets/jquery_ujs.js?body=1" for 127.0.0.1 at 2013-03-26 20:34:48 -0400
Served asset /jquery_ujs.js - 304 Not Modified (2ms)


Started GET "/assets/projects.css?body=1" for 127.0.0.1 at 2013-03-26 20:34:48 -0400
Served asset /projects.css - 304 Not Modified (2ms)


Started GET "/projects" for 127.0.0.1 at 2013-03-26 20:34:50 -0400
Processing by ProjectsController#index as HTML
  [1m[35mProject Load (0.4ms)[0m  SELECT "projects".* FROM "projects" 
  Rendered projects/index.html.haml within layouts/application (11.4ms)
Completed 200 OK in 47ms (Views: 32.0ms | ActiveRecord: 0.4ms)


Started GET "/assets/application.css?body=1" for 127.0.0.1 at 2013-03-26 20:34:50 -0400
Served asset /application.css - 304 Not Modified (0ms)


Started GET "/assets/projects.css?body=1" for 127.0.0.1 at 2013-03-26 20:34:50 -0400
Served asset /projects.css - 304 Not Modified (6ms)


Started GET "/assets/jquery.js?body=1" for 127.0.0.1 at 2013-03-26 20:34:50 -0400
Served asset /jquery.js - 304 Not Modified (0ms)


Started GET "/assets/jquery_ujs.js?body=1" for 127.0.0.1 at 2013-03-26 20:34:50 -0400
Served asset /jquery_ujs.js - 304 Not Modified (0ms)


Started GET "/assets/projects.js?body=1" for 127.0.0.1 at 2013-03-26 20:34:50 -0400
Served asset /projects.js - 304 Not Modified (0ms)


Started GET "/assets/application.js?body=1" for 127.0.0.1 at 2013-03-26 20:34:50 -0400
Served asset /application.js - 304 Not Modified (1ms)


Started GET "/projects" for 127.0.0.1 at 2013-03-26 20:34:51 -0400
Processing by ProjectsController#index as HTML
  [1m[36mProject Load (0.4ms)[0m  [1mSELECT "projects".* FROM "projects" [0m
  Rendered projects/index.html.haml within layouts/application (2.0ms)
Completed 200 OK in 27ms (Views: 25.4ms | ActiveRecord: 0.4ms)


Started GET "/assets/application.css?body=1" for 127.0.0.1 at 2013-03-26 20:34:51 -0400
Served asset /application.css - 304 Not Modified (7ms)


Started GET "/assets/projects.css?body=1" for 127.0.0.1 at 2013-03-26 20:34:51 -0400
Served asset /projects.css - 304 Not Modified (0ms)


Started GET "/assets/jquery.js?body=1" for 127.0.0.1 at 2013-03-26 20:34:51 -0400
Served asset /jquery.js - 304 Not Modified (1ms)


Started GET "/assets/jquery_ujs.js?body=1" for 127.0.0.1 at 2013-03-26 20:34:51 -0400
Served asset /jquery_ujs.js - 304 Not Modified (6ms)


Started GET "/assets/projects.js?body=1" for 127.0.0.1 at 2013-03-26 20:34:51 -0400
Served asset /projects.js - 304 Not Modified (0ms)


Started GET "/assets/application.js?body=1" for 127.0.0.1 at 2013-03-26 20:34:51 -0400
Served asset /application.js - 304 Not Modified (5ms)


Started GET "/projects/4" for 127.0.0.1 at 2013-03-26 20:34:53 -0400
Processing by ProjectsController#show as HTML
  Parameters: {"id"=>"4"}
  [1m[35mProject Load (0.3ms)[0m  SELECT "projects".* FROM "projects" WHERE "projects"."id" = ? LIMIT 1  [["id", "4"]]
  Rendered projects/show.html.haml within layouts/application (7.2ms)
Completed 200 OK in 18ms (Views: 15.7ms | ActiveRecord: 0.3ms)


Started GET "/assets/application.css?body=1" for 127.0.0.1 at 2013-03-26 20:34:54 -0400
Served asset /application.css - 304 Not Modified (0ms)


Started GET "/assets/projects.css?body=1" for 127.0.0.1 at 2013-03-26 20:34:54 -0400
Served asset /projects.css - 304 Not Modified (0ms)


Started GET "/assets/jquery.js?body=1" for 127.0.0.1 at 2013-03-26 20:34:54 -0400
Served asset /jquery.js - 304 Not Modified (0ms)


Started GET "/assets/jquery_ujs.js?body=1" for 127.0.0.1 at 2013-03-26 20:34:54 -0400
Served asset /jquery_ujs.js - 304 Not Modified (0ms)


Started GET "/assets/application.js?body=1" for 127.0.0.1 at 2013-03-26 20:34:54 -0400
Served asset /application.js - 304 Not Modified (132ms)


Started GET "/assets/projects.js?body=1" for 127.0.0.1 at 2013-03-26 20:34:54 -0400
Served asset /projects.js - 304 Not Modified (2ms)


Started DELETE "/projects/4" for 127.0.0.1 at 2013-03-26 20:34:56 -0400
Processing by ProjectsController#destroy as HTML
  Parameters: {"authenticity_token"=>"sPtRlnC/yv2Bk3KrzEjIPJgC3E1U+Y6Ei4IpThW+5EI=", "id"=>"4"}
  [1m[36mProject Load (0.3ms)[0m  [1mSELECT "projects".* FROM "projects" WHERE "projects"."id" = ? LIMIT 1[0m  [["id", "4"]]
  [1m[35m (0.1ms)[0m  begin transaction
  [1m[36mSQL (3.4ms)[0m  [1mDELETE FROM "projects" WHERE "projects"."id" = ?[0m  [["id", 4]]
  [1m[35m (239.3ms)[0m  commit transaction
Redirected to http://localhost:3000/projects
Completed 302 Found in 255ms (ActiveRecord: 243.0ms)


Started GET "/projects" for 127.0.0.1 at 2013-03-26 20:34:57 -0400
Processing by ProjectsController#index as HTML
  [1m[36mProject Load (7.1ms)[0m  [1mSELECT "projects".* FROM "projects" [0m
  Rendered projects/index.html.haml within layouts/application (1.4ms)
Completed 200 OK in 25ms (Views: 16.6ms | ActiveRecord: 7.1ms)


Started GET "/assets/application.css?body=1" for 127.0.0.1 at 2013-03-26 20:34:57 -0400
Served asset /application.css - 304 Not Modified (2ms)


Started GET "/assets/projects.css?body=1" for 127.0.0.1 at 2013-03-26 20:34:57 -0400
Served asset /projects.css - 304 Not Modified (0ms)


Started GET "/assets/jquery.js?body=1" for 127.0.0.1 at 2013-03-26 20:34:57 -0400
Served asset /jquery.js - 304 Not Modified (0ms)


Started GET "/assets/jquery_ujs.js?body=1" for 127.0.0.1 at 2013-03-26 20:34:57 -0400
Served asset /jquery_ujs.js - 304 Not Modified (0ms)


Started GET "/assets/projects.js?body=1" for 127.0.0.1 at 2013-03-26 20:34:57 -0400
Served asset /projects.js - 304 Not Modified (2ms)


Started GET "/assets/application.js?body=1" for 127.0.0.1 at 2013-03-26 20:34:57 -0400
Served asset /application.js - 304 Not Modified (1ms)
